==3511== Memcheck, a memory error detector
==3511== Copyright (C) 2002-2015, and GNU GPL'd, by Julian Seward et al.
==3511== Using Valgrind-3.11.0 and LibVEX; rerun with -h for copyright info
==3511== Command: ./a.out
==3511== Parent PID: 2786
==3511== 
--3511-- 
--3511-- Valgrind options:
--3511--    -v
--3511--    --tool=memcheck
--3511--    --leak-check=full
--3511--    --num-callers=40
--3511--    --log-file=valgrind.log
--3511-- Contents of /proc/version:
--3511--   Linux version 4.4.0-42-generic (buildd@lgw01-13) (gcc version 5.4.0 20160609 (Ubuntu 5.4.0-6ubuntu1~16.04.2) ) #62-Ubuntu SMP Fri Oct 7 23:11:45 UTC 2016
--3511-- 
--3511-- Arch and hwcaps: AMD64, LittleEndian, amd64-cx16-lzcnt-rdtscp-sse3-avx-bmi
--3511-- Page sizes: currently 4096, max supported 4096
--3511-- Valgrind library directory: /usr/lib/valgrind
--3511-- Reading syms from /home/stdj/work/Aut-mata/Struct/a.out
--3511-- Reading syms from /lib/x86_64-linux-gnu/ld-2.23.so
--3511--   Considering /lib/x86_64-linux-gnu/ld-2.23.so ..
--3511--   .. CRC mismatch (computed d3da0723 wanted a1c29704)
--3511--   Considering /usr/lib/debug/lib/x86_64-linux-gnu/ld-2.23.so ..
--3511--   .. CRC is valid
--3511-- Reading syms from /usr/lib/valgrind/memcheck-amd64-linux
--3511--   Considering /usr/lib/valgrind/memcheck-amd64-linux ..
--3511--   .. CRC mismatch (computed 5529a2c7 wanted 5bd23904)
--3511--    object doesn't have a symbol table
--3511--    object doesn't have a dynamic symbol table
--3511-- Scheduler: using generic scheduler lock implementation.
--3511-- Reading suppressions file: /usr/lib/valgrind/default.supp
==3511== embedded gdbserver: reading from /tmp/vgdb-pipe-from-vgdb-to-3511-by-stdj-on-???
==3511== embedded gdbserver: writing to   /tmp/vgdb-pipe-to-vgdb-from-3511-by-stdj-on-???
==3511== embedded gdbserver: shared mem   /tmp/vgdb-pipe-shared-mem-vgdb-3511-by-stdj-on-???
==3511== 
==3511== TO CONTROL THIS PROCESS USING vgdb (which you probably
==3511== don't want to do, unless you know exactly what you're doing,
==3511== or are doing some strange experiment):
==3511==   /usr/lib/valgrind/../../bin/vgdb --pid=3511 ...command...
==3511== 
==3511== TO DEBUG THIS PROCESS USING GDB: start GDB like this
==3511==   /path/to/gdb ./a.out
==3511== and then give GDB the following command
==3511==   target remote | /usr/lib/valgrind/../../bin/vgdb --pid=3511
==3511== --pid is optional if only one valgrind process is running
==3511== 
--3511-- REDIR: 0x401cdc0 (ld-linux-x86-64.so.2:strlen) redirected to 0x3809e181 (???)
--3511-- Reading syms from /usr/lib/valgrind/vgpreload_core-amd64-linux.so
--3511--   Considering /usr/lib/valgrind/vgpreload_core-amd64-linux.so ..
--3511--   .. CRC mismatch (computed a30c8eaa wanted 7ae2fed4)
--3511--    object doesn't have a symbol table
--3511-- Reading syms from /usr/lib/valgrind/vgpreload_memcheck-amd64-linux.so
--3511--   Considering /usr/lib/valgrind/vgpreload_memcheck-amd64-linux.so ..
--3511--   .. CRC mismatch (computed 402c2ab5 wanted 745f25ae)
--3511--    object doesn't have a symbol table
==3511== WARNING: new redirection conflicts with existing -- ignoring it
--3511--     old: 0x0401cdc0 (strlen              ) R-> (0000.0) 0x3809e181 ???
--3511--     new: 0x0401cdc0 (strlen              ) R-> (2007.0) 0x04c31020 strlen
--3511-- REDIR: 0x401b710 (ld-linux-x86-64.so.2:index) redirected to 0x4c30bc0 (index)
--3511-- REDIR: 0x401b930 (ld-linux-x86-64.so.2:strcmp) redirected to 0x4c320d0 (strcmp)
--3511-- REDIR: 0x401db20 (ld-linux-x86-64.so.2:mempcpy) redirected to 0x4c35270 (mempcpy)
--3511-- Reading syms from /usr/lib/x86_64-linux-gnu/libstdc++.so.6.0.21
--3511--   Considering /usr/lib/x86_64-linux-gnu/libstdc++.so.6.0.21 ..
--3511--   .. CRC mismatch (computed 6b58a14c wanted 340d19a8)
--3511--    object doesn't have a symbol table
--3511-- Reading syms from /lib/x86_64-linux-gnu/libgcc_s.so.1
--3511--   Considering /lib/x86_64-linux-gnu/libgcc_s.so.1 ..
--3511--   .. CRC mismatch (computed b9a68419 wanted 29d51b00)
--3511--    object doesn't have a symbol table
--3511-- Reading syms from /lib/x86_64-linux-gnu/libc-2.23.so
--3511--   Considering /lib/x86_64-linux-gnu/libc-2.23.so ..
--3511--   .. CRC mismatch (computed 2adb2e50 wanted 9b73f606)
--3511--   Considering /usr/lib/debug/lib/x86_64-linux-gnu/libc-2.23.so ..
--3511--   .. CRC is valid
--3511-- Reading syms from /lib/x86_64-linux-gnu/libm-2.23.so
--3511--   Considering /lib/x86_64-linux-gnu/libm-2.23.so ..
--3511--   .. CRC mismatch (computed f7791cb7 wanted 92acf4be)
--3511--   Considering /usr/lib/debug/lib/x86_64-linux-gnu/libm-2.23.so ..
--3511--   .. CRC is valid
--3511-- REDIR: 0x5460fd0 (libc.so.6:strcasecmp) redirected to 0x4a286f0 (_vgnU_ifunc_wrapper)
--3511-- REDIR: 0x545c850 (libc.so.6:strcspn) redirected to 0x4a286f0 (_vgnU_ifunc_wrapper)
--3511-- REDIR: 0x54632c0 (libc.so.6:strncasecmp) redirected to 0x4a286f0 (_vgnU_ifunc_wrapper)
--3511-- REDIR: 0x545ecc0 (libc.so.6:strpbrk) redirected to 0x4a286f0 (_vgnU_ifunc_wrapper)
--3511-- REDIR: 0x545f050 (libc.so.6:strspn) redirected to 0x4a286f0 (_vgnU_ifunc_wrapper)
--3511-- REDIR: 0x546071b (libc.so.6:memcpy@GLIBC_2.2.5) redirected to 0x4a286f0 (_vgnU_ifunc_wrapper)
--3511-- REDIR: 0x545e9d0 (libc.so.6:rindex) redirected to 0x4c308a0 (rindex)
--3511-- REDIR: 0x5455550 (libc.so.6:malloc) redirected to 0x4c2db20 (malloc)
--3511-- REDIR: 0x545ccf0 (libc.so.6:strlen) redirected to 0x4c30f60 (strlen)
--3511-- REDIR: 0x54601c0 (libc.so.6:__GI_memcmp) redirected to 0x4c33b90 (__GI_memcmp)
--3511-- REDIR: 0x545b2a0 (libc.so.6:strcmp) redirected to 0x4a286f0 (_vgnU_ifunc_wrapper)
--3511-- REDIR: 0x5470b40 (libc.so.6:__strcmp_sse2_unaligned) redirected to 0x4c31f90 (strcmp)
--3511-- REDIR: 0x4ec7e60 (libstdc++.so.6:operator new(unsigned long)) redirected to 0x4c2e080 (operator new(unsigned long))
--3511-- REDIR: 0x54659c0 (libc.so.6:memcpy@@GLIBC_2.14) redirected to 0x4a286f0 (_vgnU_ifunc_wrapper)
--3511-- REDIR: 0x5470df0 (libc.so.6:__memcpy_sse2_unaligned) redirected to 0x4c324a0 (memcpy@@GLIBC_2.14)
--3511-- REDIR: 0x4ec5f10 (libstdc++.so.6:operator delete(void*)) redirected to 0x4c2f1e0 (operator delete(void*))
--3511-- REDIR: 0x5460180 (libc.so.6:bcmp) redirected to 0x4a286f0 (_vgnU_ifunc_wrapper)
--3511-- REDIR: 0x553fc60 (libc.so.6:__memcmp_sse4_1) redirected to 0x4c33cd0 (__memcmp_sse4_1)
--3511-- REDIR: 0x552fc90 (libc.so.6:__memmove_ssse3_back) redirected to 0x4c32230 (memcpy@GLIBC_2.2.5)
--3511-- REDIR: 0x5460980 (libc.so.6:__GI_mempcpy) redirected to 0x4c34fa0 (__GI_mempcpy)
==3511== Conditional jump or move depends on uninitialised value(s)
==3511==    at 0x423265: Tree::parse(std::__cxx11::basic_string<char, std::char_traits<char>, std::allocator<char> >) (tree.cpp:126)
==3511==    by 0x41E12F: Lexer::Lexer(char const*) (lexer.cpp:36)
==3511==    by 0x4222FC: main (main.cpp:14)
==3511== 
